<?xml version="1.0" encoding="UTF-8"?>
<testsuites name="jest tests" tests="9" failures="0" errors="0" time="2.814">
  <testsuite name="testing index file" errors="0" failures="0" skipped="0" timestamp="2023-11-29T11:29:07" time="1.746" tests="2">
    <testcase classname="testing index file empty string should result in zero" name="testing index file empty string should result in zero" time="0.01">
    </testcase>
    <testcase classname="testing index file empty string should result in zero" name="testing index file empty string should result in zero" time="0.001">
    </testcase>
  </testsuite>
  <testsuite name="testing number conversion" errors="0" failures="0" skipped="0" timestamp="2023-11-29T11:29:07" time="1.991" tests="7">
    <testcase classname="testing number conversion zero" name="testing number conversion zero" time="0.028">
    </testcase>
    <testcase classname="testing number conversion simple positive" name="testing number conversion simple positive" time="0.002">
    </testcase>
    <testcase classname="testing number conversion single fraction no grouping" name="testing number conversion single fraction no grouping" time="0.009">
    </testcase>
    <testcase classname="testing number conversion double fraction no grouping is fraction" name="testing number conversion double fraction no grouping is fraction" time="0.008">
    </testcase>
    <testcase classname="testing number conversion grouping" name="testing number conversion grouping" time="0.012">
    </testcase>
    <testcase classname="testing number conversion no grouping" name="testing number conversion no grouping" time="0.005">
    </testcase>
    <testcase classname="testing number conversion non numbers" name="testing number conversion non numbers" time="0.016">
    </testcase>
  </testsuite>
</testsuites>