<?xml version="1.0" encoding="UTF-8"?>
<testsuites name="jest tests" tests="2" failures="0" errors="0" time="2.793">
  <testsuite name="testing index file" errors="0" failures="0" skipped="0" timestamp="2023-11-24T14:23:00" time="2.228" tests="2">
    <testcase classname="testing index file empty string should result in zero" name="testing index file empty string should result in zero" time="0.004">
    </testcase>
    <testcase classname="testing index file empty string should result in zero" name="testing index file empty string should result in zero" time="0">
    </testcase>
  </testsuite>
</testsuites>